{
"contracts/Election.sol":{"l":{"22":3,"23":3,"24":3,"25":3,"26":3,"30":15,"31":15,"36":2,"42":1,"45":1,"48":1},"path":"/Users/rudrakshrawal/Desktop/election/contracts/Election.sol","s":{"1":3,"2":3,"3":3,"4":3,"5":3,"6":2,"7":1},"b":{"1":[1,1]},"f":{"1":3,"2":15,"3":2},"fnMap":{"1":{"name":"constructor","line":21,"loc":{"start":{"line":21,"column":4},"end":{"line":27,"column":4}}},"2":{"name":"addCandidate","line":29,"loc":{"start":{"line":29,"column":4},"end":{"line":32,"column":4}}},"3":{"name":"vote","line":34,"loc":{"start":{"line":34,"column":4},"end":{"line":49,"column":4}}}},"statementMap":{"1":{"start":{"line":22,"column":8},"end":{"line":22,"column":34}},"2":{"start":{"line":23,"column":8},"end":{"line":23,"column":34}},"3":{"start":{"line":24,"column":8},"end":{"line":24,"column":34}},"4":{"start":{"line":25,"column":8},"end":{"line":25,"column":34}},"5":{"start":{"line":26,"column":8},"end":{"line":26,"column":34}},"6":{"start":{"line":36,"column":8},"end":{"line":36,"column":934}},"7":{"start":{"line":48,"column":8},"end":{"line":48,"column":49}}},"branchMap":{"1":{"line":36,"type":"if","locations":[{"start":{"line":36,"column":8},"end":{"line":36,"column":8}},{"start":{"line":36,"column":8},"end":{"line":36,"column":8}}]}}}}
